#
# There is insufficient memory for the Java Runtime Environment to continue.
# Native memory allocation (malloc) failed to allocate 1208176 bytes for Chunk::new
# Possible reasons:
#   The system is out of physical RAM or swap space
#   The process is running with CompressedOops enabled, and the Java Heap may be blocking the growth of the native heap
# Possible solutions:
#   Reduce memory load on the system
#   Increase physical memory or swap space
#   Check if swap backing store is full
#   Decrease Java heap size (-Xmx/-Xms)
#   Decrease number of Java threads
#   Decrease Java thread stack sizes (-Xss)
#   Set larger code cache with -XX:ReservedCodeCacheSize=
#   JVM is running with Unscaled Compressed Oops mode in which the Java heap is
#     placed in the first 4GB address space. The Java Heap base address is the
#     maximum limit for the native heap growth. Please use -XX:HeapBaseMinAddress
#     to set the Java Heap base and to place the Java Heap above 4GB virtual address.
# This output file may be truncated or incomplete.
#
#  Out of Memory Error (arena.cpp:184), pid=14656, tid=2284
#
# JRE version: Java(TM) SE Runtime Environment (20.0.2+9) (build 20.0.2+9-78)
# Java VM: Java HotSpot(TM) 64-Bit Server VM (20.0.2+9-78, mixed mode, sharing, tiered, compressed oops, compressed class ptrs, g1 gc, windows-amd64)
# No core dump will be written. Minidumps are not enabled by default on client versions of Windows
#

---------------  S U M M A R Y ------------

Command Line: org.jetbrains.kotlin.cli.jvm.K2JVMCompiler @C:\Users\mateu\Desktop\doctor-app\node_modules\react-native-screens\android\build\20250329_15970470039637435849.compiler.options

Host: AMD Ryzen 5 3500U with Radeon Vega Mobile Gfx  , 8 cores, 5G,  Windows 11 , 64 bit Build 26100 (10.0.26100.3323)
Time: Sat Mar 29 13:08:51 2025 Hora oficial do Brasil elapsed time: 141.294557 seconds (0d 0h 2m 21s)

---------------  T H R E A D  ---------------

Current thread (0x0000022b79625d30):  JavaThread "C2 CompilerThread2" daemon [_thread_in_native, id=2284, stack(0x0000003356a00000,0x0000003356b00000)]


Current CompileTask:
C2: 141294 15729       4       org.jetbrains.kotlin.cfg.pseudocode.PseudocodeImpl::addInstruction (182 bytes)

Stack: [0x0000003356a00000,0x0000003356b00000]
Native frames: (J=compiled Java code, j=interpreted, Vv=VM code, C=native code)
V  [jvm.dll+0x6bc25a]
V  [jvm.dll+0x84971a]
V  [jvm.dll+0x84b315]
V  [jvm.dll+0x84ba13]
V  [jvm.dll+0x280e4f]
V  [jvm.dll+0xc2ab1]
V  [jvm.dll+0xc2dd5]
V  [jvm.dll+0x3bb612]
V  [jvm.dll+0x385b75]
V  [jvm.dll+0x384fea]
V  [jvm.dll+0x24b529]
V  [jvm.dll+0x24a921]
V  [jvm.dll+0x1ce761]
V  [jvm.dll+0x25a0eb]
V  [jvm.dll+0x2587c0]
V  [jvm.dll+0x3f2dd5]
V  [jvm.dll+0x7f5c76]
V  [jvm.dll+0x6baecb]
C  [ucrtbase.dll+0x37b0]
C  [KERNEL32.DLL+0x2e8d7]
C  [ntdll.dll+0xbbf6c]


---------------  P R O C E S S  ---------------

Threads class SMR info:
_java_thread_list=0x0000022b76ecb020, length=13, elements={
0x0000022b135b0940, 0x0000022b31466260, 0x0000022b31466da0, 0x0000022b31472370,
0x0000022b31474cc0, 0x0000022b31475600, 0x0000022b31475f40, 0x0000022b31477bc0,
0x0000022b31478540, 0x0000022b768ec510, 0x0000022b768f0030, 0x0000022b7a0fd740,
0x0000022b79625d30
}

Java Threads: ( => current thread )
  0x0000022b135b0940 JavaThread "main" [_thread_in_Java, id=16936, stack(0x0000003356c00000,0x0000003356d00000)]
  0x0000022b31466260 JavaThread "Reference Handler" daemon [_thread_blocked, id=16372, stack(0x0000003357300000,0x0000003357400000)]
  0x0000022b31466da0 JavaThread "Finalizer" daemon [_thread_blocked, id=1532, stack(0x0000003357400000,0x0000003357500000)]
  0x0000022b31472370 JavaThread "Signal Dispatcher" daemon [_thread_blocked, id=22804, stack(0x0000003357500000,0x0000003357600000)]
  0x0000022b31474cc0 JavaThread "Attach Listener" daemon [_thread_blocked, id=18592, stack(0x0000003357600000,0x0000003357700000)]
  0x0000022b31475600 JavaThread "Service Thread" daemon [_thread_blocked, id=24476, stack(0x0000003357700000,0x0000003357800000)]
  0x0000022b31475f40 JavaThread "Monitor Deflation Thread" daemon [_thread_blocked, id=12660, stack(0x0000003357800000,0x0000003357900000)]
  0x0000022b31477bc0 JavaThread "C2 CompilerThread0" daemon [_thread_in_native, id=22956, stack(0x0000003357900000,0x0000003357a00000)]
  0x0000022b31478540 JavaThread "C1 CompilerThread0" daemon [_thread_blocked, id=22504, stack(0x0000003357a00000,0x0000003357b00000)]
  0x0000022b768ec510 JavaThread "Notification Thread" daemon [_thread_blocked, id=144, stack(0x0000003357b00000,0x0000003357c00000)]
  0x0000022b768f0030 JavaThread "Common-Cleaner" daemon [_thread_blocked, id=6740, stack(0x0000003357d00000,0x0000003357e00000)]
  0x0000022b7a0fd740 JavaThread "C2 CompilerThread1" daemon [_thread_in_native, id=21064, stack(0x0000003356900000,0x0000003356a00000)]
=>0x0000022b79625d30 JavaThread "C2 CompilerThread2" daemon [_thread_in_native, id=2284, stack(0x0000003356a00000,0x0000003356b00000)]

Other Threads:
  0x0000022b31443150 VMThread "VM Thread" [stack: 0x0000003357200000,0x0000003357300000] [id=25440]
  0x0000022b768eca60 WatcherThread "VM Periodic Task Thread" [stack: 0x0000003357c00000,0x0000003357d00000] [id=17184]
  0x0000022b13601350 WorkerThread "GC Thread#0" [stack: 0x0000003356d00000,0x0000003356e00000] [id=11872]
  0x0000022b314d1060 WorkerThread "GC Thread#1" [stack: 0x0000003357e00000,0x0000003357f00000] [id=11896]
  0x0000022b314d1330 WorkerThread "GC Thread#2" [stack: 0x0000003357f00000,0x0000003358000000] [id=21612]
  0x0000022b314d29b0 WorkerThread "GC Thread#3" [stack: 0x0000003358000000,0x0000003358100000] [id=18184]
  0x0000022b314d1600 WorkerThread "GC Thread#4" [stack: 0x0000003358100000,0x0000003358200000] [id=17548]
  0x0000022b314d18d0 WorkerThread "GC Thread#5" [stack: 0x0000003358200000,0x0000003358300000] [id=24720]
  0x0000022b314d2140 WorkerThread "GC Thread#6" [stack: 0x0000003358300000,0x0000003358400000] [id=19184]
  0x0000022b314d26e0 WorkerThread "GC Thread#7" [stack: 0x0000003358400000,0x0000003358500000] [id=12712]
  0x0000022b1360e0e0 ConcurrentGCThread "G1 Main Marker" [stack: 0x0000003356e00000,0x0000003356f00000] [id=8308]
  0x0000022b1360eb10 WorkerThread "G1 Conc#0" [stack: 0x0000003356f00000,0x0000003357000000] [id=2704]
  0x0000022b77ec7120 WorkerThread "G1 Conc#1" [stack: 0x0000003358500000,0x0000003358600000] [id=13428]
  0x0000022b13669c60 ConcurrentGCThread "G1 Refine#0" [stack: 0x0000003357000000,0x0000003357100000] [id=1976]
  0x0000022b31301bf0 ConcurrentGCThread "G1 Service" [stack: 0x0000003357100000,0x0000003357200000] [id=24536]

Threads with active compile tasks:
C2 CompilerThread0   141453 15871       4       org.jetbrains.kotlin.cfg.ControlFlowInformationProviderImpl$markStatements$1::invoke (451 bytes)
C2 CompilerThread1   141453 15970       4       org.jetbrains.kotlin.cfg.ControlFlowInformationProviderImpl$checkWhenExpressions$1::invoke (998 bytes)
C2 CompilerThread2   141453 15729       4       org.jetbrains.kotlin.cfg.pseudocode.PseudocodeImpl::addInstruction (182 bytes)

VM state: not at safepoint (normal execution)

VM Mutex/Monitor currently owned by a thread: None

Heap address: 0x00000000a0c00000, size: 1524 MB, Compressed Oops mode: 32-bit

CDS archive(s) mapped at: [0x0000022b31800000-0x0000022b32460000-0x0000022b32460000), size 12976128, SharedBaseAddress: 0x0000022b31800000, ArchiveRelocationMode: 1.
Compressed class space mapped at: 0x0000022b32800000-0x0000022b72800000, reserved size: 1073741824
Narrow klass base: 0x0000022b31800000, Narrow klass shift: 0, Narrow klass range: 0x100000000

GC Precious Log:
 CardTable entry size: 512
 Card Set container configuration: InlinePtr #cards 5 size 8 Array Of Cards #cards 12 size 40 Howl #buckets 4 coarsen threshold 1843 Howl Bitmap #cards 512 size 80 coarsen threshold 460 Card regions per heap region 1 cards per card region 2048
 CPUs: 8 total, 8 available
 Memory: 6090M
 Large Page Support: Disabled
 NUMA Support: Disabled
 Compressed Oops: Enabled (32-bit)
 Heap Region Size: 1M
 Heap Min Capacity: 8M
 Heap Initial Capacity: 96M
 Heap Max Capacity: 1524M
 Pre-touch: Disabled
 Parallel Workers: 8
 Concurrent Workers: 2
 Concurrent Refinement Workers: 8
 Periodic GC: Disabled

Heap:
 garbage-first heap   total 196608K, used 147098K [0x00000000a0c00000, 0x0000000100000000)
  region size 1024K, 45 young (46080K), 6 survivors (6144K)
 Metaspace       used 59360K, committed 60160K, reserved 1114112K
  class space    used 6534K, committed 6912K, reserved 1048576K

Heap Regions: E=young(eden), S=young(survivor), O=old, HS=humongous(starts), HC=humongous(continues), CS=collection set, F=free, OA=open archive, CA=closed archive, TAMS=top-at-mark-start, PB=parsable bottom
|   0|0x00000000a0c00000, 0x00000000a0d00000, 0x00000000a0d00000|100%|HS|  |TAMS 0x00000000a0c00000| PB 0x00000000a0c00000| Complete 
|   1|0x00000000a0d00000, 0x00000000a0e00000, 0x00000000a0e00000|100%|HC|  |TAMS 0x00000000a0d00000| PB 0x00000000a0d00000| Complete 
|   2|0x00000000a0e00000, 0x00000000a0f00000, 0x00000000a0f00000|100%|HC|  |TAMS 0x00000000a0e00000| PB 0x00000000a0e00000| Complete 
|   3|0x00000000a0f00000, 0x00000000a1000000, 0x00000000a1000000|100%|HC|  |TAMS 0x00000000a0f00000| PB 0x00000000a0f00000| Complete 
|   4|0x00000000a1000000, 0x00000000a1100000, 0x00000000a1100000|100%|HS|  |TAMS 0x00000000a1000000| PB 0x00000000a1000000| Complete 
|   5|0x00000000a1100000, 0x00000000a1200000, 0x00000000a1200000|100%|HC|  |TAMS 0x00000000a1100000| PB 0x00000000a1100000| Complete 
|   6|0x00000000a1200000, 0x00000000a1300000, 0x00000000a1300000|100%| O|  |TAMS 0x00000000a1200000| PB 0x00000000a1200000| Untracked 
|   7|0x00000000a1300000, 0x00000000a1400000, 0x00000000a1400000|100%| O|  |TAMS 0x00000000a1300000| PB 0x00000000a1300000| Untracked 
|   8|0x00000000a1400000, 0x00000000a1500000, 0x00000000a1500000|100%| O|  |TAMS 0x00000000a1400000| PB 0x00000000a1400000| Untracked 
|   9|0x00000000a1500000, 0x00000000a1600000, 0x00000000a1600000|100%| O|  |TAMS 0x00000000a1500000| PB 0x00000000a1500000| Untracked 
|  10|0x00000000a1600000, 0x00000000a1700000, 0x00000000a1700000|100%| O|  |TAMS 0x00000000a1600000| PB 0x00000000a1600000| Untracked 
|  11|0x00000000a1700000, 0x00000000a1800000, 0x00000000a1800000|100%| O|  |TAMS 0x00000000a1700000| PB 0x00000000a1700000| Untracked 
|  12|0x00000000a1800000, 0x00000000a1900000, 0x00000000a1900000|100%| O|  |TAMS 0x00000000a1800000| PB 0x00000000a1800000| Untracked 
|  13|0x00000000a1900000, 0x00000000a1a00000, 0x00000000a1a00000|100%| O|  |TAMS 0x00000000a1900000| PB 0x00000000a1900000| Untracked 
|  14|0x00000000a1a00000, 0x00000000a1b00000, 0x00000000a1b00000|100%| O|  |TAMS 0x00000000a1a00000| PB 0x00000000a1a00000| Untracked 
|  15|0x00000000a1b00000, 0x00000000a1c00000, 0x00000000a1c00000|100%| O|  |TAMS 0x00000000a1b00000| PB 0x00000000a1b00000| Untracked 
|  16|0x00000000a1c00000, 0x00000000a1d00000, 0x00000000a1d00000|100%| O|  |TAMS 0x00000000a1c00000| PB 0x00000000a1c00000| Untracked 
|  17|0x00000000a1d00000, 0x00000000a1e00000, 0x00000000a1e00000|100%| O|  |TAMS 0x00000000a1d00000| PB 0x00000000a1d00000| Untracked 
|  18|0x00000000a1e00000, 0x00000000a1f00000, 0x00000000a1f00000|100%| O|  |TAMS 0x00000000a1e00000| PB 0x00000000a1e00000| Untracked 
|  19|0x00000000a1f00000, 0x00000000a2000000, 0x00000000a2000000|100%| O|  |TAMS 0x00000000a1f00000| PB 0x00000000a1f00000| Untracked 
|  20|0x00000000a2000000, 0x00000000a2100000, 0x00000000a2100000|100%| O|  |TAMS 0x00000000a2000000| PB 0x00000000a2000000| Untracked 
|  21|0x00000000a2100000, 0x00000000a2200000, 0x00000000a2200000|100%| O|  |TAMS 0x00000000a2100000| PB 0x00000000a2100000| Untracked 
|  22|0x00000000a2200000, 0x00000000a2300000, 0x00000000a2300000|100%| O|  |TAMS 0x00000000a2200000| PB 0x00000000a2200000| Untracked 
|  23|0x00000000a2300000, 0x00000000a2400000, 0x00000000a2400000|100%| O|  |TAMS 0x00000000a2300000| PB 0x00000000a2300000| Untracked 
|  24|0x00000000a2400000, 0x00000000a2500000, 0x00000000a2500000|100%| O|  |TAMS 0x00000000a2400000| PB 0x00000000a2400000| Untracked 
|  25|0x00000000a2500000, 0x00000000a2600000, 0x00000000a2600000|100%| O|  |TAMS 0x00000000a2500000| PB 0x00000000a2500000| Untracked 
|  26|0x00000000a2600000, 0x00000000a2700000, 0x00000000a2700000|100%| O|  |TAMS 0x00000000a2600000| PB 0x00000000a2600000| Untracked 
|  27|0x00000000a2700000, 0x00000000a2800000, 0x00000000a2800000|100%| O|  |TAMS 0x00000000a2700000| PB 0x00000000a2700000| Untracked 
|  28|0x00000000a2800000, 0x00000000a2900000, 0x00000000a2900000|100%| O|  |TAMS 0x00000000a2800000| PB 0x00000000a2800000| Untracked 
|  29|0x00000000a2900000, 0x00000000a2a00000, 0x00000000a2a00000|100%| O|  |TAMS 0x00000000a2900000| PB 0x00000000a2900000| Untracked 
|  30|0x00000000a2a00000, 0x00000000a2b00000, 0x00000000a2b00000|100%| O|  |TAMS 0x00000000a2a00000| PB 0x00000000a2a00000| Untracked 
|  31|0x00000000a2b00000, 0x00000000a2c00000, 0x00000000a2c00000|100%| O|  |TAMS 0x00000000a2b00000| PB 0x00000000a2b00000| Untracked 
|  32|0x00000000a2c00000, 0x00000000a2d00000, 0x00000000a2d00000|100%| O|  |TAMS 0x00000000a2c00000| PB 0x00000000a2c00000| Untracked 
|  33|0x00000000a2d00000, 0x00000000a2e00000, 0x00000000a2e00000|100%| O|  |TAMS 0x00000000a2d00000| PB 0x00000000a2d00000| Untracked 
|  34|0x00000000a2e00000, 0x00000000a2f00000, 0x00000000a2f00000|100%| O|  |TAMS 0x00000000a2e00000| PB 0x00000000a2e00000| Untracked 
|  35|0x00000000a2f00000, 0x00000000a3000000, 0x00000000a3000000|100%| O|  |TAMS 0x00000000a2f00000| PB 0x00000000a2f00000| Untracked 
|  36|0x00000000a3000000, 0x00000000a3100000, 0x00000000a3100000|100%| O|  |TAMS 0x00000000a3000000| PB 0x00000000a3000000| Untracked 
|  37|0x00000000a3100000, 0x00000000a3200000, 0x00000000a3200000|100%| O|  |TAMS 0x00000000a3100000| PB 0x00000000a3100000| Untracked 
|  38|0x00000000a3200000, 0x00000000a3300000, 0x00000000a3300000|100%| O|  |TAMS 0x00000000a3200000| PB 0x00000000a3200000| Untracked 
|  39|0x00000000a3300000, 0x00000000a3400000, 0x00000000a3400000|100%| O|  |TAMS 0x00000000a3300000| PB 0x00000000a3300000| Untracked 
|  40|0x00000000a3400000, 0x00000000a3500000, 0x00000000a3500000|100%| O|  |TAMS 0x00000000a3400000| PB 0x00000000a3400000| Untracked 
|  41|0x00000000a3500000, 0x00000000a3600000, 0x00000000a3600000|100%| O|  |TAMS 0x00000000a3500000| PB 0x00000000a3500000| Untracked 
|  42|0x00000000a3600000, 0x00000000a3700000, 0x00000000a3700000|100%| O|  |TAMS 0x00000000a3600000| PB 0x00000000a3600000| Untracked 
|  43|0x00000000a3700000, 0x00000000a3800000, 0x00000000a3800000|100%| O|  |TAMS 0x00000000a3700000| PB 0x00000000a3700000| Untracked 
|  44|0x00000000a3800000, 0x00000000a3900000, 0x00000000a3900000|100%| O|  |TAMS 0x00000000a3800000| PB 0x00000000a3800000| Untracked 
|  45|0x00000000a3900000, 0x00000000a3a00000, 0x00000000a3a00000|100%| O|  |TAMS 0x00000000a3900000| PB 0x00000000a3900000| Untracked 
|  46|0x00000000a3a00000, 0x00000000a3b00000, 0x00000000a3b00000|100%| O|  |TAMS 0x00000000a3a00000| PB 0x00000000a3a00000| Untracked 
|  47|0x00000000a3b00000, 0x00000000a3c00000, 0x00000000a3c00000|100%| O|  |TAMS 0x00000000a3b00000| PB 0x00000000a3b00000| Untracked 
|  48|0x00000000a3c00000, 0x00000000a3d00000, 0x00000000a3d00000|100%| O|  |TAMS 0x00000000a3c00000| PB 0x00000000a3c00000| Untracked 
|  49|0x00000000a3d00000, 0x00000000a3e00000, 0x00000000a3e00000|100%| O|  |TAMS 0x00000000a3d00000| PB 0x00000000a3d00000| Untracked 
|  50|0x00000000a3e00000, 0x00000000a3f00000, 0x00000000a3f00000|100%| O|  |TAMS 0x00000000a3e00000| PB 0x00000000a3e00000| Untracked 
|  51|0x00000000a3f00000, 0x00000000a4000000, 0x00000000a4000000|100%| O|  |TAMS 0x00000000a3f00000| PB 0x00000000a3f00000| Untracked 
|  52|0x00000000a4000000, 0x00000000a4100000, 0x00000000a4100000|100%| O|  |TAMS 0x00000000a4000000| PB 0x00000000a4000000| Untracked 
|  53|0x00000000a4100000, 0x00000000a4200000, 0x00000000a4200000|100%| O|  |TAMS 0x00000000a4100000| PB 0x00000000a4100000| Untracked 
|  54|0x00000000a4200000, 0x00000000a4300000, 0x00000000a4300000|100%| O|  |TAMS 0x00000000a4200000| PB 0x00000000a4200000| Untracked 
|  55|0x00000000a4300000, 0x00000000a4400000, 0x00000000a4400000|100%| O|  |TAMS 0x00000000a4300000| PB 0x00000000a4300000| Complete 
|  56|0x00000000a4400000, 0x00000000a4500000, 0x00000000a4500000|100%| O|  |TAMS 0x00000000a4400000| PB 0x00000000a4400000| Untracked 
|  57|0x00000000a4500000, 0x00000000a4600000, 0x00000000a4600000|100%| O|  |TAMS 0x00000000a4500000| PB 0x00000000a4500000| Untracked 
|  58|0x00000000a4600000, 0x00000000a4700000, 0x00000000a4700000|100%| O|  |TAMS 0x00000000a4600000| PB 0x00000000a4600000| Untracked 
|  59|0x00000000a4700000, 0x00000000a4800000, 0x00000000a4800000|100%| O|  |TAMS 0x00000000a4700000| PB 0x00000000a4700000| Untracked 
|  60|0x00000000a4800000, 0x00000000a4900000, 0x00000000a4900000|100%| O|  |TAMS 0x00000000a4800000| PB 0x00000000a4800000| Untracked 
|  61|0x00000000a4900000, 0x00000000a4a00000, 0x00000000a4a00000|100%| O|  |TAMS 0x00000000a4900000| PB 0x00000000a4900000| Untracked 
|  62|0x00000000a4a00000, 0x00000000a4b00000, 0x00000000a4b00000|100%| O|  |TAMS 0x00000000a4a00000| PB 0x00000000a4a00000| Untracked 
|  63|0x00000000a4b00000, 0x00000000a4c00000, 0x00000000a4c00000|100%| O|  |TAMS 0x00000000a4b00000| PB 0x00000000a4b00000| Untracked 
|  64|0x00000000a4c00000, 0x00000000a4d00000, 0x00000000a4d00000|100%| O|  |TAMS 0x00000000a4c00000| PB 0x00000000a4c00000| Untracked 
|  65|0x00000000a4d00000, 0x00000000a4e00000, 0x00000000a4e00000|100%|HS|  |TAMS 0x00000000a4d00000| PB 0x00000000a4d00000| Complete 
|  66|0x00000000a4e00000, 0x00000000a4f00000, 0x00000000a4f00000|100%|HC|  |TAMS 0x00000000a4e00000| PB 0x00000000a4e00000| Complete 
|  67|0x00000000a4f00000, 0x00000000a5000000, 0x00000000a5000000|100%| O|  |TAMS 0x00000000a4f00000| PB 0x00000000a4f00000| Untracked 
|  68|0x00000000a5000000, 0x00000000a5100000, 0x00000000a5100000|100%| O|  |TAMS 0x00000000a5000000| PB 0x00000000a5000000| Untracked 
|  69|0x00000000a5100000, 0x00000000a5200000, 0x00000000a5200000|100%| O|  |TAMS 0x00000000a5100000| PB 0x00000000a5100000| Untracked 
|  70|0x00000000a5200000, 0x00000000a5300000, 0x00000000a5300000|100%| O|  |TAMS 0x00000000a5200000| PB 0x00000000a5200000| Untracked 
|  71|0x00000000a5300000, 0x00000000a5400000, 0x00000000a5400000|100%| O|  |TAMS 0x00000000a5300000| PB 0x00000000a5300000| Untracked 
|  72|0x00000000a5400000, 0x00000000a5500000, 0x00000000a5500000|100%| O|  |TAMS 0x00000000a5400000| PB 0x00000000a5400000| Untracked 
|  73|0x00000000a5500000, 0x00000000a5600000, 0x00000000a5600000|100%| O|  |TAMS 0x00000000a5500000| PB 0x00000000a5500000| Untracked 
|  74|0x00000000a5600000, 0x00000000a5700000, 0x00000000a5700000|100%| O|  |TAMS 0x00000000a5600000| PB 0x00000000a5600000| Untracked 
|  75|0x00000000a5700000, 0x00000000a5800000, 0x00000000a5800000|100%| O|  |TAMS 0x00000000a5700000| PB 0x00000000a5700000| Untracked 
|  76|0x00000000a5800000, 0x00000000a5900000, 0x00000000a5900000|100%| O|  |TAMS 0x00000000a5800000| PB 0x00000000a5800000| Untracked 
|  77|0x00000000a5900000, 0x00000000a5a00000, 0x00000000a5a00000|100%| O|  |TAMS 0x00000000a5900000| PB 0x00000000a5900000| Untracked 
|  78|0x00000000a5a00000, 0x00000000a5b00000, 0x00000000a5b00000|100%| O|  |TAMS 0x00000000a5a00000| PB 0x00000000a5a00000| Untracked 
|  79|0x00000000a5b00000, 0x00000000a5c00000, 0x00000000a5c00000|100%| O|  |TAMS 0x00000000a5b00000| PB 0x00000000a5b00000| Untracked 
|  80|0x00000000a5c00000, 0x00000000a5d00000, 0x00000000a5d00000|100%| O|  |TAMS 0x00000000a5c00000| PB 0x00000000a5c00000| Untracked 
|  81|0x00000000a5d00000, 0x00000000a5e00000, 0x00000000a5e00000|100%| O|  |TAMS 0x00000000a5d00000| PB 0x00000000a5d00000| Untracked 
|  82|0x00000000a5e00000, 0x00000000a5f00000, 0x00000000a5f00000|100%| O|  |TAMS 0x00000000a5e00000| PB 0x00000000a5e00000| Untracked 
|  83|0x00000000a5f00000, 0x00000000a6000000, 0x00000000a6000000|100%| O|  |TAMS 0x00000000a5f00000| PB 0x00000000a5f00000| Untracked 
|  84|0x00000000a6000000, 0x00000000a6100000, 0x00000000a6100000|100%| O|  |TAMS 0x00000000a6000000| PB 0x00000000a6000000| Untracked 
|  85|0x00000000a6100000, 0x00000000a6200000, 0x00000000a6200000|100%| O|  |TAMS 0x00000000a6100000| PB 0x00000000a6100000| Untracked 
|  86|0x00000000a6200000, 0x00000000a6300000, 0x00000000a6300000|100%| O|  |TAMS 0x00000000a6200000| PB 0x00000000a6200000| Untracked 
|  87|0x00000000a6300000, 0x00000000a6400000, 0x00000000a6400000|100%| O|  |TAMS 0x00000000a6300000| PB 0x00000000a6300000| Complete 
|  88|0x00000000a6400000, 0x00000000a6500000, 0x00000000a6500000|100%| O|  |TAMS 0x00000000a6400000| PB 0x00000000a6400000| Untracked 
|  89|0x00000000a6500000, 0x00000000a6600000, 0x00000000a6600000|100%| O|  |TAMS 0x00000000a6500000| PB 0x00000000a6500000| Untracked 
|  90|0x00000000a6600000, 0x00000000a6700000, 0x00000000a6700000|100%| O|  |TAMS 0x00000000a6600000| PB 0x00000000a6600000| Untracked 
|  91|0x00000000a6700000, 0x00000000a6800000, 0x00000000a6800000|100%| O|  |TAMS 0x00000000a6700000| PB 0x00000000a6700000| Untracked 
|  92|0x00000000a6800000, 0x00000000a68a6800, 0x00000000a6900000| 65%| O|  |TAMS 0x00000000a6800000| PB 0x00000000a6800000| Untracked 
|  93|0x00000000a6900000, 0x00000000a6900000, 0x00000000a6a00000|  0%| F|  |TAMS 0x00000000a6900000| PB 0x00000000a6900000| Untracked 
|  94|0x00000000a6a00000, 0x00000000a6a00000, 0x00000000a6b00000|  0%| F|  |TAMS 0x00000000a6a00000| PB 0x00000000a6a00000| Untracked 
|  95|0x00000000a6b00000, 0x00000000a6b00000, 0x00000000a6c00000|  0%| F|  |TAMS 0x00000000a6b00000| PB 0x00000000a6b00000| Untracked 
|  96|0x00000000a6c00000, 0x00000000a6c00000, 0x00000000a6d00000|  0%| F|  |TAMS 0x00000000a6c00000| PB 0x00000000a6c00000| Untracked 
|  97|0x00000000a6d00000, 0x00000000a6d00000, 0x00000000a6e00000|  0%| F|  |TAMS 0x00000000a6d00000| PB 0x00000000a6d00000| Untracked 
|  98|0x00000000a6e00000, 0x00000000a6e00000, 0x00000000a6f00000|  0%| F|  |TAMS 0x00000000a6e00000| PB 0x00000000a6e00000| Untracked 
|  99|0x00000000a6f00000, 0x00000000a6f00000, 0x00000000a7000000|  0%| F|  |TAMS 0x00000000a6f00000| PB 0x00000000a6f00000| Untracked 
| 100|0x00000000a7000000, 0x00000000a7000000, 0x00000000a7100000|  0%| F|  |TAMS 0x00000000a7000000| PB 0x00000000a7000000| Untracked 
| 101|0x00000000a7100000, 0x00000000a7100000, 0x00000000a7200000|  0%| F|  |TAMS 0x00000000a7100000| PB 0x00000000a7100000| Untracked 
| 102|0x00000000a7200000, 0x00000000a7200000, 0x00000000a7300000|  0%| F|  |TAMS 0x00000000a7200000| PB 0x00000000a7200000| Untracked 
| 103|0x00000000a7300000, 0x00000000a7300000, 0x00000000a7400000|  0%| F|  |TAMS 0x00000000a7300000| PB 0x00000000a7300000| Untracked 
| 104|0x00000000a7400000, 0x00000000a7400000, 0x00000000a7500000|  0%| F|  |TAMS 0x00000000a7400000| PB 0x00000000a7400000| Untracked 
| 105|0x00000000a7500000, 0x00000000a7600000, 0x00000000a7600000|100%| S|CS|TAMS 0x00000000a7500000| PB 0x00000000a7500000| Complete 
| 106|0x00000000a7600000, 0x00000000a7700000, 0x00000000a7700000|100%| S|CS|TAMS 0x00000000a7600000| PB 0x00000000a7600000| Complete 
| 107|0x00000000a7700000, 0x00000000a7800000, 0x00000000a7800000|100%| S|CS|TAMS 0x00000000a7700000| PB 0x00000000a7700000| Complete 
| 108|0x00000000a7800000, 0x00000000a7900000, 0x00000000a7900000|100%| S|CS|TAMS 0x00000000a7800000| PB 0x00000000a7800000| Complete 
| 109|0x00000000a7900000, 0x00000000a7a00000, 0x00000000a7a00000|100%| S|CS|TAMS 0x00000000a7900000| PB 0x00000000a7900000| Complete 
| 110|0x00000000a7a00000, 0x00000000a7b00000, 0x00000000a7b00000|100%| S|CS|TAMS 0x00000000a7a00000| PB 0x00000000a7a00000| Complete 
| 111|0x00000000a7b00000, 0x00000000a7b00000, 0x00000000a7c00000|  0%| F|  |TAMS 0x00000000a7b00000| PB 0x00000000a7b00000| Untracked 
| 112|0x00000000a7c00000, 0x00000000a7c00000, 0x00000000a7d00000|  0%| F|  |TAMS 0x00000000a7c00000| PB 0x00000000a7c00000| Untracked 
| 113|0x00000000a7d00000, 0x00000000a7d00000, 0x00000000a7e00000|  0%| F|  |TAMS 0x00000000a7d00000| PB 0x00000000a7d00000| Untracked 
| 114|0x00000000a7e00000, 0x00000000a7e00000, 0x00000000a7f00000|  0%| F|  |TAMS 0x00000000a7e00000| PB 0x00000000a7e00000| Untracked 
| 115|0x00000000a7f00000, 0x00000000a7f00000, 0x00000000a8000000|  0%| F|  |TAMS 0x00000000a7f00000| PB 0x00000000a7f00000| Untracked 
| 116|0x00000000a8000000, 0x00000000a8000000, 0x00000000a8100000|  0%| F|  |TAMS 0x00000000a8000000| PB 0x00000000a8000000| Untracked 
| 117|0x00000000a8100000, 0x00000000a8100000, 0x00000000a8200000|  0%| F|  |TAMS 0x00000000a8100000| PB 0x00000000a8100000| Untracked 
| 118|0x00000000a8200000, 0x00000000a8200000, 0x00000000a8300000|  0%| F|  |TAMS 0x00000000a8200000| PB 0x00000000a8200000| Untracked 
| 119|0x00000000a8300000, 0x00000000a8300000, 0x00000000a8400000|  0%| F|  |TAMS 0x00000000a8300000| PB 0x00000000a8300000| Untracked 
| 120|0x00000000a8400000, 0x00000000a8400000, 0x00000000a8500000|  0%| F|  |TAMS 0x00000000a8400000| PB 0x00000000a8400000| Untracked 
| 121|0x00000000a8500000, 0x00000000a8500000, 0x00000000a8600000|  0%| F|  |TAMS 0x00000000a8500000| PB 0x00000000a8500000| Untracked 
| 122|0x00000000a8600000, 0x00000000a8600000, 0x00000000a8700000|  0%| F|  |TAMS 0x00000000a8600000| PB 0x00000000a8600000| Untracked 
| 123|0x00000000a8700000, 0x00000000a8700000, 0x00000000a8800000|  0%| F|  |TAMS 0x00000000a8700000| PB 0x00000000a8700000| Untracked 
| 124|0x00000000a8800000, 0x00000000a8800000, 0x00000000a8900000|  0%| F|  |TAMS 0x00000000a8800000| PB 0x00000000a8800000| Untracked 
| 125|0x00000000a8900000, 0x00000000a8900000, 0x00000000a8a00000|  0%| F|  |TAMS 0x00000000a8900000| PB 0x00000000a8900000| Untracked 
| 126|0x00000000a8a00000, 0x00000000a8a00000, 0x00000000a8b00000|  0%| F|  |TAMS 0x00000000a8a00000| PB 0x00000000a8a00000| Untracked 
| 127|0x00000000a8b00000, 0x00000000a8b00000, 0x00000000a8c00000|  0%| F|  |TAMS 0x00000000a8b00000| PB 0x00000000a8b00000| Untracked 
| 128|0x00000000a8c00000, 0x00000000a8c00000, 0x00000000a8d00000|  0%| F|  |TAMS 0x00000000a8c00000| PB 0x00000000a8c00000| Untracked 
| 129|0x00000000a8d00000, 0x00000000a8d00000, 0x00000000a8e00000|  0%| F|  |TAMS 0x00000000a8d00000| PB 0x00000000a8d00000| Untracked 
| 130|0x00000000a8e00000, 0x00000000a8e00000, 0x00000000a8f00000|  0%| F|  |TAMS 0x00000000a8e00000| PB 0x00000000a8e00000| Untracked 
| 131|0x00000000a8f00000, 0x00000000a8f00000, 0x00000000a9000000|  0%| F|  |TAMS 0x00000000a8f00000| PB 0x00000000a8f00000| Untracked 
| 132|0x00000000a9000000, 0x00000000a9000000, 0x00000000a9100000|  0%| F|  |TAMS 0x00000000a9000000| PB 0x00000000a9000000| Untracked 
| 133|0x00000000a9100000, 0x00000000a9100000, 0x00000000a9200000|  0%| F|  |TAMS 0x00000000a9100000| PB 0x00000000a9100000| Untracked 
| 134|0x00000000a9200000, 0x00000000a9200000, 0x00000000a9300000|  0%| F|  |TAMS 0x00000000a9200000| PB 0x00000000a9200000| Untracked 
| 135|0x00000000a9300000, 0x00000000a9300000, 0x00000000a9400000|  0%| F|  |TAMS 0x00000000a9300000| PB 0x00000000a9300000| Untracked 
| 136|0x00000000a9400000, 0x00000000a9400000, 0x00000000a9500000|  0%| F|  |TAMS 0x00000000a9400000| PB 0x00000000a9400000| Untracked 
| 137|0x00000000a9500000, 0x00000000a9500000, 0x00000000a9600000|  0%| F|  |TAMS 0x00000000a9500000| PB 0x00000000a9500000| Untracked 
| 138|0x00000000a9600000, 0x00000000a9600000, 0x00000000a9700000|  0%| F|  |TAMS 0x00000000a9600000| PB 0x00000000a9600000| Untracked 
| 139|0x00000000a9700000, 0x00000000a9700000, 0x00000000a9800000|  0%| F|  |TAMS 0x00000000a9700000| PB 0x00000000a9700000| Untracked 
| 140|0x00000000a9800000, 0x00000000a9800000, 0x00000000a9900000|  0%| F|  |TAMS 0x00000000a9800000| PB 0x00000000a9800000| Untracked 
| 141|0x00000000a9900000, 0x00000000a9900000, 0x00000000a9a00000|  0%| F|  |TAMS 0x00000000a9900000| PB 0x00000000a9900000| Untracked 
| 142|0x00000000a9a00000, 0x00000000a9a00000, 0x00000000a9b00000|  0%| F|  |TAMS 0x00000000a9a00000| PB 0x00000000a9a00000| Untracked 
| 143|0x00000000a9b00000, 0x00000000a9b00000, 0x00000000a9c00000|  0%| F|  |TAMS 0x00000000a9b00000| PB 0x00000000a9b00000| Untracked 
| 144|0x00000000a9c00000, 0x00000000a9c00000, 0x00000000a9d00000|  0%| F|  |TAMS 0x00000000a9c00000| PB 0x00000000a9c00000| Untracked 
| 145|0x00000000a9d00000, 0x00000000a9d00000, 0x00000000a9e00000|  0%| F|  |TAMS 0x00000000a9d00000| PB 0x00000000a9d00000| Untracked 
| 146|0x00000000a9e00000, 0x00000000a9f00000, 0x00000000a9f00000|100%| E|  |TAMS 0x00000000a9e00000| PB 0x00000000a9e00000| Complete 
| 147|0x00000000a9f00000, 0x00000000aa000000, 0x00000000aa000000|100%| E|CS|TAMS 0x00000000a9f00000| PB 0x00000000a9f00000| Complete 
| 148|0x00000000aa000000, 0x00000000aa100000, 0x00000000aa100000|100%| E|CS|TAMS 0x00000000aa000000| PB 0x00000000aa000000| Complete 
| 149|0x00000000aa100000, 0x00000000aa200000, 0x00000000aa200000|100%| E|CS|TAMS 0x00000000aa100000| PB 0x00000000aa100000| Complete 
| 150|0x00000000aa200000, 0x00000000aa300000, 0x00000000aa300000|100%| E|CS|TAMS 0x00000000aa200000| PB 0x00000000aa200000| Complete 
| 151|0x00000000aa300000, 0x00000000aa400000, 0x00000000aa400000|100%| E|CS|TAMS 0x00000000aa300000| PB 0x00000000aa300000| Complete 
| 152|0x00000000aa400000, 0x00000000aa500000, 0x00000000aa500000|100%| E|CS|TAMS 0x00000000aa400000| PB 0x00000000aa400000| Complete 
| 153|0x00000000aa500000, 0x00000000aa600000, 0x00000000aa600000|100%| E|CS|TAMS 0x00000000aa500000| PB 0x00000000aa500000| Complete 
| 154|0x00000000aa600000, 0x00000000aa700000, 0x00000000aa700000|100%| E|CS|TAMS 0x00000000aa600000| PB 0x00000000aa600000| Complete 
| 155|0x00000000aa700000, 0x00000000aa800000, 0x00000000aa800000|100%| E|CS|TAMS 0x00000000aa700000| PB 0x00000000aa700000| Complete 
| 156|0x00000000aa800000, 0x00000000aa900000, 0x00000000aa900000|100%| E|CS|TAMS 0x00000000aa800000| PB 0x00000000aa800000| Complete 
| 157|0x00000000aa900000, 0x00000000aaa00000, 0x00000000aaa00000|100%| E|CS|TAMS 0x00000000aa900000| PB 0x00000000aa900000| Complete 
| 158|0x00000000aaa00000, 0x00000000aab00000, 0x00000000aab00000|100%| E|CS|TAMS 0x00000000aaa00000| PB 0x00000000aaa00000| Complete 
| 159|0x00000000aab00000, 0x00000000aac00000, 0x00000000aac00000|100%| E|CS|TAMS 0x00000000aab00000| PB 0x00000000aab00000| Complete 
| 160|0x00000000aac00000, 0x00000000aad00000, 0x00000000aad00000|100%| E|CS|TAMS 0x00000000aac00000| PB 0x00000000aac00000| Complete 
| 161|0x00000000aad00000, 0x00000000aae00000, 0x00000000aae00000|100%| E|CS|TAMS 0x00000000aad00000| PB 0x00000000aad00000| Complete 
| 162|0x00000000aae00000, 0x00000000aaf00000, 0x00000000aaf00000|100%| E|CS|TAMS 0x00000000aae00000| PB 0x00000000aae00000| Complete 
| 163|0x00000000aaf00000, 0x00000000ab000000, 0x00000000ab000000|100%| E|CS|TAMS 0x00000000aaf00000| PB 0x00000000aaf00000| Complete 
| 164|0x00000000ab000000, 0x00000000ab100000, 0x00000000ab100000|100%| E|CS|TAMS 0x00000000ab000000| PB 0x00000000ab000000| Complete 
| 165|0x00000000ab100000, 0x00000000ab200000, 0x00000000ab200000|100%| E|CS|TAMS 0x00000000ab100000| PB 0x00000000ab100000| Complete 
| 166|0x00000000ab200000, 0x00000000ab300000, 0x00000000ab300000|100%| E|CS|TAMS 0x00000000ab200000| PB 0x00000000ab200000| Complete 
| 167|0x00000000ab300000, 0x00000000ab400000, 0x00000000ab400000|100%| E|CS|TAMS 0x00000000ab300000| PB 0x00000000ab300000| Complete 
| 168|0x00000000ab400000, 0x00000000ab500000, 0x00000000ab500000|100%| E|CS|TAMS 0x00000000ab400000| PB 0x00000000ab400000| Complete 
| 169|0x00000000ab500000, 0x00000000ab600000, 0x00000000ab600000|100%| E|CS|TAMS 0x00000000ab500000| PB 0x00000000ab500000| Complete 
| 170|0x00000000ab600000, 0x00000000ab700000, 0x00000000ab700000|100%| E|CS|TAMS 0x00000000ab600000| PB 0x00000000ab600000| Complete 
| 171|0x00000000ab700000, 0x00000000ab800000, 0x00000000ab800000|100%| E|CS|TAMS 0x00000000ab700000| PB 0x00000000ab700000| Complete 
| 172|0x00000000ab800000, 0x00000000ab900000, 0x00000000ab900000|100%| E|CS|TAMS 0x00000000ab800000| PB 0x00000000ab800000| Complete 
| 173|0x00000000ab900000, 0x00000000aba00000, 0x00000000aba00000|100%| E|CS|TAMS 0x00000000ab900000| PB 0x00000000ab900000| Complete 
| 174|0x00000000aba00000, 0x00000000abb00000, 0x00000000abb00000|100%| E|CS|TAMS 0x00000000aba00000| PB 0x00000000aba00000| Complete 
| 175|0x00000000abb00000, 0x00000000abc00000, 0x00000000abc00000|100%| E|CS|TAMS 0x00000000abb00000| PB 0x00000000abb00000| Complete 
| 176|0x00000000abc00000, 0x00000000abd00000, 0x00000000abd00000|100%| E|CS|TAMS 0x00000000abc00000| PB 0x00000000abc00000| Complete 
| 177|0x00000000abd00000, 0x00000000abe00000, 0x00000000abe00000|100%| E|CS|TAMS 0x00000000abd00000| PB 0x00000000abd00000| Complete 
| 178|0x00000000abe00000, 0x00000000abf00000, 0x00000000abf00000|100%| E|CS|TAMS 0x00000000abe00000| PB 0x00000000abe00000| Complete 
| 179|0x00000000abf00000, 0x00000000ac000000, 0x00000000ac000000|100%| E|CS|TAMS 0x00000000abf00000| PB 0x00000000abf00000| Complete 
| 180|0x00000000ac000000, 0x00000000ac100000, 0x00000000ac100000|100%| E|CS|TAMS 0x00000000ac000000| PB 0x00000000ac000000| Complete 
| 181|0x00000000ac100000, 0x00000000ac200000, 0x00000000ac200000|100%| E|CS|TAMS 0x00000000ac100000| PB 0x00000000ac100000| Complete 
| 182|0x00000000ac200000, 0x00000000ac300000, 0x00000000ac300000|100%| E|CS|TAMS 0x00000000ac200000| PB 0x00000000ac200000| Complete 
| 183|0x00000000ac300000, 0x00000000ac400000, 0x00000000ac400000|100%| E|CS|TAMS 0x00000000ac300000| PB 0x00000000ac300000| Complete 
|1516|0x00000000ff800000, 0x00000000ff900000, 0x00000000ff900000|100%| E|CS|TAMS 0x00000000ff800000| PB 0x00000000ff800000| Complete 
|1517|0x00000000ff900000, 0x00000000ffa00000, 0x00000000ffa00000|100%| O|  |TAMS 0x00000000ff900000| PB 0x00000000ff900000| Untracked 
|1518|0x00000000ffa00000, 0x00000000ffb00000, 0x00000000ffb00000|100%| O|  |TAMS 0x00000000ffa00000| PB 0x00000000ffa00000| Untracked 
|1519|0x00000000ffb00000, 0x00000000ffc00000, 0x00000000ffc00000|100%| O|  |TAMS 0x00000000ffb00000| PB 0x00000000ffb00000| Untracked 
|1520|0x00000000ffc00000, 0x00000000ffd00000, 0x00000000ffd00000|100%| O|  |TAMS 0x00000000ffc00000| PB 0x00000000ffc00000| Untracked 
|1521|0x00000000ffd00000, 0x00000000ffe00000, 0x00000000ffe00000|100%| O|  |TAMS 0x00000000ffd00000| PB 0x00000000ffd00000| Untracked 
|1522|0x00000000ffe00000, 0x00000000fff00000, 0x00000000fff00000|100%| O|  |TAMS 0x00000000ffe00000| PB 0x00000000ffe00000| Untracked 
|1523|0x00000000fff00000, 0x0000000100000000, 0x0000000100000000|100%| O|  |TAMS 0x00000000fff00000| PB 0x00000000fff00000| Untracked 

Card table byte_map: [0x0000022b2cc10000,0x0000022b2cf10000] _byte_map_base: 0x0000022b2c70a000

Marking Bits: (CMBitMap*) 0x0000022b13601980
 Bits: [0x0000022b2d210000, 0x0000022b2e9e0000)

Polling page: 0x0000022b13670000

Metaspace:

Usage:
  Non-class:     51.59 MB used.
      Class:      6.38 MB used.
       Both:     57.97 MB used.

Virtual space:
  Non-class space:       64.00 MB reserved,      52.00 MB ( 81%) committed,  1 nodes.
      Class space:        1.00 GB reserved,       6.75 MB ( <1%) committed,  1 nodes.
             Both:        1.06 GB reserved,      58.75 MB (  5%) committed. 

Chunk freelists:
   Non-Class:  3.20 MB
       Class:  1.25 MB
        Both:  4.45 MB

MaxMetaspaceSize: unlimited
CompressedClassSpaceSize: 1.00 GB
Initial GC threshold: 21.00 MB
Current GC threshold: 97.75 MB
CDS: on
MetaspaceReclaimPolicy: balanced
 - commit_granule_bytes: 65536.
 - commit_granule_words: 8192.
 - virtual_space_node_default_size: 8388608.
 - enlarge_chunks_in_place: 1.
 - new_chunks_are_fully_committed: 0.
 - uncommit_free_chunks: 1.
 - use_allocation_guard: 0.


Internal statistics:

num_allocs_failed_limit: 6.
num_arena_births: 1326.
num_arena_deaths: 0.
num_vsnodes_births: 2.
num_vsnodes_deaths: 0.
num_space_committed: 938.
num_space_uncommitted: 0.
num_chunks_returned_to_freelist: 6.
num_chunks_taken_from_freelist: 3704.
num_chunk_merges: 6.
num_chunk_splits: 2705.
num_chunks_enlarged: 2067.
num_inconsistent_stats: 0.

CodeHeap 'non-profiled nmethods': size=120000Kb used=9598Kb max_used=10514Kb free=110401Kb
 bounds [0x0000022b24b60000, 0x0000022b255b0000, 0x0000022b2c090000]
CodeHeap 'profiled nmethods': size=120000Kb used=35648Kb max_used=37970Kb free=84351Kb
 bounds [0x0000022b1d090000, 0x0000022b1f5b0000, 0x0000022b245c0000]
CodeHeap 'non-nmethods': size=5760Kb used=1656Kb max_used=1760Kb free=4103Kb
 bounds [0x0000022b245c0000, 0x0000022b24830000, 0x0000022b24b60000]
 total_blobs=12968 nmethods=12335 adapters=539
 compilation: enabled
              stopped_count=0, restarted_count=0
 full_count=0

Compilation events (20 events):
Event: 140.874 Thread 0x0000022b31478540 15836       3       org.jetbrains.kotlin.cfg.pseudocode.PseudocodeImpl$localDeclarations$2::<init> (11 bytes)
Event: 140.874 Thread 0x0000022b31478540 nmethod 15836 0x0000022b1d0dbe90 code [0x0000022b1d0dc020, 0x0000022b1d0dc250]
Event: 140.874 Thread 0x0000022b31478540 15837       3       org.jetbrains.kotlin.cfg.pseudocode.ControlFlowInstructionsGenerator$ControlFlowInstructionsGeneratorWorker::enterSubroutine (76 bytes)
Event: 140.879 Thread 0x0000022b31478540 nmethod 15837 0x0000022b1e74c090 code [0x0000022b1e74c800, 0x0000022b1e750a18]
Event: 140.879 Thread 0x0000022b31478540 15846       3       org.jetbrains.kotlin.com.intellij.psi.impl.source.tree.LazyParseablePsiElement::getNextSibling (5 bytes)
Event: 140.880 Thread 0x0000022b31478540 nmethod 15846 0x0000022b1d14e810 code [0x0000022b1d14e9c0, 0x0000022b1d14eda8]
Event: 140.880 Thread 0x0000022b31478540 15847       3       org.jetbrains.kotlin.cfg.pseudocode.PseudocodeImpl::getMergedValues (20 bytes)
Event: 140.880 Thread 0x0000022b31478540 nmethod 15847 0x0000022b1d1f8090 code [0x0000022b1d1f8240, 0x0000022b1d1f85b8]
Event: 140.880 Thread 0x0000022b31478540 15845       3       org.jetbrains.kotlin.cfg.pseudocode.ControlFlowInstructionsGenerator::popBuilder (45 bytes)
Event: 140.881 Thread 0x0000022b31478540 nmethod 15845 0x0000022b1dda6490 code [0x0000022b1dda6720, 0x0000022b1dda77f0]
Event: 140.881 Thread 0x0000022b31478540 15838       3       org.jetbrains.kotlin.cfg.SubroutineInfo::<init> (26 bytes)
Event: 140.882 Thread 0x0000022b31478540 nmethod 15838 0x0000022b1d30d690 code [0x0000022b1d30d980, 0x0000022b1d30e850]
Event: 140.882 Thread 0x0000022b31478540 15839       3       org.jetbrains.kotlin.cfg.pseudocode.instructions.special.SubroutineEnterInstruction::<init> (24 bytes)
Event: 140.883 Thread 0x0000022b31478540 nmethod 15839 0x0000022b1e35fa10 code [0x0000022b1e35fe40, 0x0000022b1e361b78]
Event: 140.883 Thread 0x0000022b31478540 15840       3       org.jetbrains.kotlin.cfg.ControlFlowProcessor$CFPVisitor$conditionVisitor$1::<init> (10 bytes)
Event: 140.884 Thread 0x0000022b31478540 nmethod 15840 0x0000022b1d0ebe10 code [0x0000022b1d0ebfc0, 0x0000022b1d0ec2a0]
Event: 140.884 Thread 0x0000022b31478540 15841       3       org.jetbrains.kotlin.cfg.pseudocode.ControlFlowInstructionsGenerator$ControlFlowInstructionsGeneratorWorker::exitSubroutine (139 bytes)
Event: 140.888 Thread 0x0000022b7a0fd740 nmethod 15739 0x0000022b252c3410 code [0x0000022b252c3760, 0x0000022b252c6158]
Event: 140.889 Thread 0x0000022b7a0fd740 15834 %     4       org.jetbrains.kotlin.cfg.pseudocodeTraverser.PseudocodeTraverserKt::traverseFollowingInstructions @ 36 (213 bytes)
Event: 140.891 Thread 0x0000022b31478540 nmethod 15841 0x0000022b1e2a4f90 code [0x0000022b1e2a5880, 0x0000022b1e2aaec8]

GC Heap History (20 events):
Event: 62.489 GC heap before
{Heap before GC invocations=26 (full 0):
 garbage-first heap   total 122880K, used 103424K [0x00000000a0c00000, 0x0000000100000000)
  region size 1024K, 33 young (33792K), 3 survivors (3072K)
 Metaspace       used 50981K, committed 51712K, reserved 1114112K
  class space    used 5975K, committed 6336K, reserved 1048576K
}
Event: 62.513 GC heap after
{Heap after GC invocations=27 (full 0):
 garbage-first heap   total 122880K, used 75823K [0x00000000a0c00000, 0x0000000100000000)
  region size 1024K, 3 young (3072K), 3 survivors (3072K)
 Metaspace       used 50981K, committed 51712K, reserved 1114112K
  class space    used 5975K, committed 6336K, reserved 1048576K
}
Event: 66.951 GC heap before
{Heap before GC invocations=28 (full 0):
 garbage-first heap   total 142336K, used 113711K [0x00000000a0c00000, 0x0000000100000000)
  region size 1024K, 37 young (37888K), 3 survivors (3072K)
 Metaspace       used 53686K, committed 54464K, reserved 1114112K
  class space    used 6227K, committed 6592K, reserved 1048576K
}
Event: 66.966 GC heap after
{Heap after GC invocations=29 (full 0):
 garbage-first heap   total 142336K, used 81819K [0x00000000a0c00000, 0x0000000100000000)
  region size 1024K, 5 young (5120K), 5 survivors (5120K)
 Metaspace       used 53686K, committed 54464K, reserved 1114112K
  class space    used 6227K, committed 6592K, reserved 1048576K
}
Event: 72.951 GC heap before
{Heap before GC invocations=29 (full 0):
 garbage-first heap   total 142336K, used 127899K [0x00000000a0c00000, 0x0000000100000000)
  region size 1024K, 50 young (51200K), 5 survivors (5120K)
 Metaspace       used 55594K, committed 56384K, reserved 1114112K
  class space    used 6336K, committed 6720K, reserved 1048576K
}
Event: 72.984 GC heap after
{Heap after GC invocations=30 (full 0):
 garbage-first heap   total 142336K, used 84762K [0x00000000a0c00000, 0x0000000100000000)
  region size 1024K, 7 young (7168K), 7 survivors (7168K)
 Metaspace       used 55594K, committed 56384K, reserved 1114112K
  class space    used 6336K, committed 6720K, reserved 1048576K
}
Event: 82.252 GC heap before
{Heap before GC invocations=30 (full 0):
 garbage-first heap   total 142336K, used 126746K [0x00000000a0c00000, 0x0000000100000000)
  region size 1024K, 48 young (49152K), 7 survivors (7168K)
 Metaspace       used 57115K, committed 57920K, reserved 1114112K
  class space    used 6444K, committed 6848K, reserved 1048576K
}
Event: 82.291 GC heap after
{Heap after GC invocations=31 (full 0):
 garbage-first heap   total 142336K, used 90963K [0x00000000a0c00000, 0x0000000100000000)
  region size 1024K, 6 young (6144K), 6 survivors (6144K)
 Metaspace       used 57115K, committed 57920K, reserved 1114112K
  class space    used 6444K, committed 6848K, reserved 1048576K
}
Event: 91.313 GC heap before
{Heap before GC invocations=32 (full 0):
 garbage-first heap   total 153600K, used 127827K [0x00000000a0c00000, 0x0000000100000000)
  region size 1024K, 42 young (43008K), 6 survivors (6144K)
 Metaspace       used 57587K, committed 58368K, reserved 1114112K
  class space    used 6481K, committed 6912K, reserved 1048576K
}
Event: 91.341 GC heap after
{Heap after GC invocations=33 (full 0):
 garbage-first heap   total 153600K, used 95373K [0x00000000a0c00000, 0x0000000100000000)
  region size 1024K, 5 young (5120K), 5 survivors (5120K)
 Metaspace       used 57587K, committed 58368K, reserved 1114112K
  class space    used 6481K, committed 6912K, reserved 1048576K
}
Event: 98.933 GC heap before
{Heap before GC invocations=33 (full 0):
 garbage-first heap   total 153600K, used 138381K [0x00000000a0c00000, 0x0000000100000000)
  region size 1024K, 47 young (48128K), 5 survivors (5120K)
 Metaspace       used 57892K, committed 58752K, reserved 1114112K
  class space    used 6484K, committed 6912K, reserved 1048576K
}
Event: 98.962 GC heap after
{Heap after GC invocations=34 (full 0):
 garbage-first heap   total 153600K, used 96755K [0x00000000a0c00000, 0x0000000100000000)
  region size 1024K, 3 young (3072K), 3 survivors (3072K)
 Metaspace       used 57892K, committed 58752K, reserved 1114112K
  class space    used 6484K, committed 6912K, reserved 1048576K
}
Event: 109.813 GC heap before
{Heap before GC invocations=34 (full 0):
 garbage-first heap   total 153600K, used 139763K [0x00000000a0c00000, 0x0000000100000000)
  region size 1024K, 45 young (46080K), 3 survivors (3072K)
 Metaspace       used 58126K, committed 59008K, reserved 1114112K
  class space    used 6486K, committed 6912K, reserved 1048576K
}
Event: 109.833 GC heap after
{Heap after GC invocations=35 (full 0):
 garbage-first heap   total 153600K, used 100039K [0x00000000a0c00000, 0x0000000100000000)
  region size 1024K, 6 young (6144K), 6 survivors (6144K)
 Metaspace       used 58126K, committed 59008K, reserved 1114112K
  class space    used 6486K, committed 6912K, reserved 1048576K
}
Event: 121.031 GC heap before
{Heap before GC invocations=36 (full 0):
 garbage-first heap   total 168960K, used 137927K [0x00000000a0c00000, 0x0000000100000000)
  region size 1024K, 43 young (44032K), 6 survivors (6144K)
 Metaspace       used 58353K, committed 59200K, reserved 1114112K
  class space    used 6489K, committed 6912K, reserved 1048576K
}
Event: 121.072 GC heap after
{Heap after GC invocations=37 (full 0):
 garbage-first heap   total 168960K, used 103058K [0x00000000a0c00000, 0x0000000100000000)
  region size 1024K, 6 young (6144K), 6 survivors (6144K)
 Metaspace       used 58353K, committed 59200K, reserved 1114112K
  class space    used 6489K, committed 6912K, reserved 1048576K
}
Event: 126.265 GC heap before
{Heap before GC invocations=37 (full 0):
 garbage-first heap   total 168960K, used 153234K [0x00000000a0c00000, 0x0000000100000000)
  region size 1024K, 55 young (56320K), 6 survivors (6144K)
 Metaspace       used 58575K, committed 59456K, reserved 1114112K
  class space    used 6490K, committed 6912K, reserved 1048576K
}
Event: 126.298 GC heap after
{Heap after GC invocations=38 (full 0):
 garbage-first heap   total 168960K, used 104493K [0x00000000a0c00000, 0x0000000100000000)
  region size 1024K, 6 young (6144K), 6 survivors (6144K)
 Metaspace       used 58575K, committed 59456K, reserved 1114112K
  class space    used 6490K, committed 6912K, reserved 1048576K
}
Event: 140.280 GC heap before
{Heap before GC invocations=38 (full 0):
 garbage-first heap   total 168960K, used 152621K [0x00000000a0c00000, 0x0000000100000000)
  region size 1024K, 53 young (54272K), 6 survivors (6144K)
 Metaspace       used 59078K, committed 59904K, reserved 1114112K
  class space    used 6523K, committed 6912K, reserved 1048576K
}
Event: 140.319 GC heap after
{Heap after GC invocations=39 (full 0):
 garbage-first heap   total 168960K, used 108186K [0x00000000a0c00000, 0x0000000100000000)
  region size 1024K, 6 young (6144K), 6 survivors (6144K)
 Metaspace       used 59078K, committed 59904K, reserved 1114112K
  class space    used 6523K, committed 6912K, reserved 1048576K
}

Dll operation events (7 events):
Event: 0.053 Loaded shared library C:\Program Files\Java\jdk-20\bin\java.dll
Event: 0.106 Loaded shared library C:\Program Files\Java\jdk-20\bin\jsvml.dll
Event: 0.375 Loaded shared library C:\Program Files\Java\jdk-20\bin\net.dll
Event: 0.422 Loaded shared library C:\Program Files\Java\jdk-20\bin\nio.dll
Event: 0.517 Loaded shared library C:\Program Files\Java\jdk-20\bin\zip.dll
Event: 0.681 Loaded shared library C:\Program Files\Java\jdk-20\bin\jimage.dll
Event: 7.474 Loaded shared library C:\Program Files\Java\jdk-20\bin\verify.dll

Deoptimization events (20 events):
Event: 140.820 Thread 0x0000022b135b0940 Uncommon trap: trap_request=0xffffff45 fr.pc=0x0000022b24e12c28 relative=0x0000000000001ea8
Event: 140.820 Thread 0x0000022b135b0940 Uncommon trap: reason=unstable_if action=reinterpret pc=0x0000022b24e12c28 method=org.jetbrains.kotlin.com.intellij.psi.impl.source.CharTableImpl.intern(Ljava/lang/CharSequence;II)Ljava/lang/CharSequence; @ 18 c2
Event: 140.820 Thread 0x0000022b135b0940 DEOPT PACKING pc=0x0000022b24e12c28 sp=0x0000003356cfd930
Event: 140.820 Thread 0x0000022b135b0940 DEOPT UNPACKING pc=0x0000022b24629d22 sp=0x0000003356cfd808 mode 2
Event: 140.820 Thread 0x0000022b135b0940 Uncommon trap: trap_request=0xffffff45 fr.pc=0x0000022b24d32c04 relative=0x0000000000001984
Event: 140.820 Thread 0x0000022b135b0940 Uncommon trap: reason=unstable_if action=reinterpret pc=0x0000022b24d32c04 method=org.jetbrains.kotlin.com.intellij.psi.impl.source.CharTableImpl$StringHashToCharSequencesMap.charSequenceSubSequenceEquals(Ljava/lang/CharSequence;Ljava/lang/CharSequence;II
Event: 140.821 Thread 0x0000022b135b0940 DEOPT PACKING pc=0x0000022b24d32c04 sp=0x0000003356cfd600
Event: 140.821 Thread 0x0000022b135b0940 DEOPT UNPACKING pc=0x0000022b24629d22 sp=0x0000003356cfd530 mode 2
Event: 140.824 Thread 0x0000022b135b0940 Uncommon trap: trap_request=0xffffff45 fr.pc=0x0000022b24e61218 relative=0x0000000000001818
Event: 140.824 Thread 0x0000022b135b0940 Uncommon trap: reason=unstable_if action=reinterpret pc=0x0000022b24e61218 method=org.jetbrains.kotlin.com.intellij.psi.impl.source.CharTableImpl.intern(Ljava/lang/CharSequence;II)Ljava/lang/CharSequence; @ 18 c2
Event: 140.824 Thread 0x0000022b135b0940 DEOPT PACKING pc=0x0000022b24e61218 sp=0x0000003356cfd8d0
Event: 140.824 Thread 0x0000022b135b0940 DEOPT UNPACKING pc=0x0000022b24629d22 sp=0x0000003356cfd820 mode 2
Event: 140.824 Thread 0x0000022b135b0940 Uncommon trap: trap_request=0xffffff45 fr.pc=0x0000022b2502e954 relative=0x00000000000005f4
Event: 140.824 Thread 0x0000022b135b0940 Uncommon trap: reason=unstable_if action=reinterpret pc=0x0000022b2502e954 method=org.jetbrains.kotlin.com.intellij.psi.impl.source.CharTableImpl$StringHashToCharSequencesMap.charSequenceSubSequenceEquals(Ljava/lang/CharSequence;Ljava/lang/CharSequence;II
Event: 140.824 Thread 0x0000022b135b0940 DEOPT PACKING pc=0x0000022b2502e954 sp=0x0000003356cfd560
Event: 140.824 Thread 0x0000022b135b0940 DEOPT UNPACKING pc=0x0000022b24629d22 sp=0x0000003356cfd548 mode 2
Event: 140.828 Thread 0x0000022b135b0940 Uncommon trap: trap_request=0xffffff45 fr.pc=0x0000022b24c4ecb8 relative=0x00000000000000f8
Event: 140.828 Thread 0x0000022b135b0940 Uncommon trap: reason=unstable_if action=reinterpret pc=0x0000022b24c4ecb8 method=org.jetbrains.kotlin.com.intellij.psi.impl.source.CharTableImpl.intern(Ljava/lang/CharSequence;II)Ljava/lang/CharSequence; @ 18 c2
Event: 140.828 Thread 0x0000022b135b0940 DEOPT PACKING pc=0x0000022b24c4ecb8 sp=0x0000003356cfd880
Event: 140.828 Thread 0x0000022b135b0940 DEOPT UNPACKING pc=0x0000022b24629d22 sp=0x0000003356cfd820 mode 2

Classes loaded (20 events):
Event: 62.095 Loading class jdk/internal/math/FloatingDecimal$BinaryToASCIIConverter done
Event: 62.095 Loading class jdk/internal/math/FloatingDecimal$ExceptionalBinaryToASCIIBuffer done
Event: 62.096 Loading class jdk/internal/math/FloatingDecimal$BinaryToASCIIBuffer
Event: 62.097 Loading class jdk/internal/math/FloatingDecimal$BinaryToASCIIBuffer done
Event: 62.097 Loading class jdk/internal/math/FloatingDecimal$1
Event: 62.097 Loading class jdk/internal/math/FloatingDecimal$1 done
Event: 62.097 Loading class jdk/internal/math/FloatingDecimal$PreparedASCIIToBinaryBuffer
Event: 62.097 Loading class jdk/internal/math/FloatingDecimal$ASCIIToBinaryConverter
Event: 62.097 Loading class jdk/internal/math/FloatingDecimal$ASCIIToBinaryConverter done
Event: 62.097 Loading class jdk/internal/math/FloatingDecimal$PreparedASCIIToBinaryBuffer done
Event: 64.967 Loading class java/util/regex/Pattern$Bound
Event: 64.968 Loading class java/util/regex/Pattern$Bound done
Event: 64.968 Loading class java/util/regex/Pattern$LookBehindEndNode
Event: 64.969 Loading class java/util/regex/Pattern$LookBehindEndNode done
Event: 64.969 Loading class java/util/regex/Pattern$NotBehind
Event: 64.970 Loading class java/util/regex/Pattern$NotBehind done
Event: 65.959 Loading class jdk/internal/math/FloatingDecimal$ASCIIToBinaryBuffer
Event: 65.964 Loading class jdk/internal/math/FloatingDecimal$ASCIIToBinaryBuffer done
Event: 135.112 Loading class java/lang/Short$ShortCache
Event: 135.533 Loading class java/lang/Short$ShortCache done

Classes unloaded (0 events):
No events

Classes redefined (0 events):
No events

Internal exceptions (20 events):
Event: 51.897 Thread 0x0000022b135b0940 Implicit null exception at 0x0000022b24e76846 to 0x0000022b24e77050
Event: 52.487 Thread 0x0000022b135b0940 Implicit null exception at 0x0000022b24d656ca to 0x0000022b24d65f50
Event: 52.559 Thread 0x0000022b135b0940 Exception <a 'java/lang/NoSuchMethodError'{0x00000000a551b8c8}: 'java.lang.Object java.lang.invoke.DirectMethodHandle$Holder.newInvokeSpecial(java.lang.Object, int, java.lang.Object, java.lang.Object)'> (0x00000000a551b8c8) 
thrown [s\open\src\hotspot\share\interpreter\linkResolver.cpp, line 773]
Event: 52.561 Thread 0x0000022b135b0940 Exception <a 'java/lang/NoSuchMethodError'{0x00000000a551fda0}: 'java.lang.Object java.lang.invoke.DirectMethodHandle$Holder.invokeSpecial(java.lang.Object, java.lang.Object, int, java.lang.Object, java.lang.Object)'> (0x00000000a551fda0) 
thrown [s\open\src\hotspot\share\interpreter\linkResolver.cpp, line 773]
Event: 52.564 Thread 0x0000022b135b0940 Implicit null exception at 0x0000022b24cb1327 to 0x0000022b24cb1778
Event: 53.125 Thread 0x0000022b135b0940 Exception <a 'java/lang/NoSuchMethodError'{0x00000000a4c8cb98}: 'java.lang.Object java.lang.invoke.DirectMethodHandle$Holder.invokeStatic(java.lang.Object, int, java.lang.Object)'> (0x00000000a4c8cb98) 
thrown [s\open\src\hotspot\share\interpreter\linkResolver.cpp, line 773]
Event: 60.527 Thread 0x0000022b135b0940 Implicit null exception at 0x0000022b24cfc2a1 to 0x0000022b24cfd738
Event: 60.754 Thread 0x0000022b135b0940 Implicit null exception at 0x0000022b24f6c05e to 0x0000022b24f6f457
Event: 62.091 Thread 0x0000022b135b0940 Exception <a 'java/lang/NoSuchMethodError'{0x00000000a68b5298}: 'int java.lang.invoke.DirectMethodHandle$Holder.invokeStaticInit(java.lang.Object, int)'> (0x00000000a68b5298) 
thrown [s\open\src\hotspot\share\interpreter\linkResolver.cpp, line 773]
Event: 63.535 Thread 0x0000022b135b0940 Implicit null exception at 0x0000022b25007d23 to 0x0000022b2500fbac
Event: 63.566 Thread 0x0000022b135b0940 Implicit null exception at 0x0000022b24d30bc3 to 0x0000022b24d32880
Event: 66.064 Thread 0x0000022b135b0940 Exception <a 'java/lang/NoSuchMethodError'{0x00000000a7664078}: 'java.lang.Object java.lang.invoke.DirectMethodHandle$Holder.invokeInterface(java.lang.Object, java.lang.Object, java.lang.Object)'> (0x00000000a7664078) 
thrown [s\open\src\hotspot\share\interpreter\linkResolver.cpp, line 773]
Event: 66.065 Thread 0x0000022b135b0940 Exception <a 'java/lang/IncompatibleClassChangeError'{0x00000000a7667710}: Found class java.lang.Object, but interface was expected> (0x00000000a7667710) 
thrown [s\open\src\hotspot\share\interpreter\linkResolver.cpp, line 840]
Event: 66.624 Thread 0x0000022b135b0940 Implicit null exception at 0x0000022b250942eb to 0x0000022b25094397
Event: 66.630 Thread 0x0000022b135b0940 Implicit null exception at 0x0000022b250a2034 to 0x0000022b250a2358
Event: 69.053 Thread 0x0000022b135b0940 Implicit null exception at 0x0000022b2509bd8f to 0x0000022b2509bf20
Event: 84.583 Thread 0x0000022b135b0940 Implicit null exception at 0x0000022b24cd1247 to 0x0000022b24cd16ac
Event: 93.880 Thread 0x0000022b135b0940 Implicit null exception at 0x0000022b252511ec to 0x0000022b2525135c
Event: 126.549 Thread 0x0000022b135b0940 Implicit null exception at 0x0000022b24c852a2 to 0x0000022b24c85335
Event: 140.062 Thread 0x0000022b135b0940 Implicit null exception at 0x0000022b251fb544 to 0x0000022b251fbec0

VM Operations (20 events):
Event: 136.605 Executing VM operation: HandshakeAllThreads
Event: 136.605 Executing VM operation: HandshakeAllThreads done
Event: 136.784 Executing VM operation: HandshakeAllThreads
Event: 136.784 Executing VM operation: HandshakeAllThreads done
Event: 136.784 Executing VM operation: Cleanup
Event: 136.785 Executing VM operation: Cleanup done
Event: 136.795 Executing VM operation: HandshakeAllThreads
Event: 136.796 Executing VM operation: HandshakeAllThreads done
Event: 137.669 Executing VM operation: HandshakeAllThreads
Event: 137.669 Executing VM operation: HandshakeAllThreads done
Event: 138.679 Executing VM operation: Cleanup
Event: 140.020 Executing VM operation: Cleanup done
Event: 140.042 Executing VM operation: HandshakeAllThreads
Event: 140.042 Executing VM operation: HandshakeAllThreads done
Event: 140.223 Executing VM operation: G1CollectForAllocation
Event: 140.319 Executing VM operation: G1CollectForAllocation done
Event: 140.555 Executing VM operation: G1PauseRemark
Event: 140.667 Executing VM operation: G1PauseRemark done
Event: 140.785 Executing VM operation: G1PauseCleanup
Event: 140.785 Executing VM operation: G1PauseCleanup done

Events (20 events):
Event: 140.665 Thread 0x0000022b31443150 flushing nmethod 0x0000022b24b72910
Event: 140.665 Thread 0x0000022b31443150 flushing nmethod 0x0000022b24b72310
Event: 140.665 Thread 0x0000022b31443150 flushing nmethod 0x0000022b24b72010
Event: 140.665 Thread 0x0000022b31443150 flushing nmethod 0x0000022b24b6e990
Event: 140.665 Thread 0x0000022b31443150 flushing nmethod 0x0000022b24b6e290
Event: 140.665 Thread 0x0000022b31443150 flushing nmethod 0x0000022b24b6cf90
Event: 140.665 Thread 0x0000022b31443150 flushing nmethod 0x0000022b24b6a410
Event: 140.665 Thread 0x0000022b31443150 flushing nmethod 0x0000022b24b69910
Event: 140.665 Thread 0x0000022b31443150 flushing nmethod 0x0000022b24b62e90
Event: 140.665 Thread 0x0000022b31443150 flushing nmethod 0x0000022b24b69310
Event: 140.665 Thread 0x0000022b31443150 flushing nmethod 0x0000022b24b62b90
Event: 140.665 Thread 0x0000022b31443150 flushing nmethod 0x0000022b24b62890
Event: 140.665 Thread 0x0000022b31443150 flushing nmethod 0x0000022b24b62290
Event: 140.665 Thread 0x0000022b31443150 flushing nmethod 0x0000022b24b61f90
Event: 140.665 Thread 0x0000022b31443150 flushing nmethod 0x0000022b24b60c10
Event: 140.665 Thread 0x0000022b31443150 flushing nmethod 0x0000022b24b64190
Event: 140.665 Thread 0x0000022b31443150 flushing nmethod 0x0000022b24b60910
Event: 140.665 Thread 0x0000022b31443150 flushing nmethod 0x0000022b24b67a90
Event: 140.665 Thread 0x0000022b31443150 flushing nmethod 0x0000022b24b60610
Event: 140.665 Thread 0x0000022b31443150 flushing nmethod 0x0000022b24b60010


Dynamic libraries:
0x00007ff73eea0000 - 0x00007ff73eeb0000 	C:\Program Files\Java\jdk-20\bin\java.exe
0x00007ffaccf00000 - 0x00007ffacd163000 	C:\WINDOWS\SYSTEM32\ntdll.dll
0x00007ffacbaa0000 - 0x00007ffacbb67000 	C:\WINDOWS\System32\KERNEL32.DLL
0x00007ffaca540000 - 0x00007ffaca909000 	C:\WINDOWS\System32\KERNELBASE.dll
0x00007ffacaa50000 - 0x00007ffacab9c000 	C:\WINDOWS\System32\ucrtbase.dll
0x00007ffaa8440000 - 0x00007ffaa8459000 	C:\Program Files\Java\jdk-20\bin\jli.dll
0x00007ffacc790000 - 0x00007ffacc842000 	C:\WINDOWS\System32\ADVAPI32.dll
0x00007ffaccc00000 - 0x00007ffaccca9000 	C:\WINDOWS\System32\msvcrt.dll
0x00007ffacb880000 - 0x00007ffacb926000 	C:\WINDOWS\System32\sechost.dll
0x00007ffaac740000 - 0x00007ffaac75b000 	C:\Program Files\Java\jdk-20\bin\VCRUNTIME140.dll
0x00007ffacc100000 - 0x00007ffacc216000 	C:\WINDOWS\System32\RPCRT4.dll
0x00007ffacad20000 - 0x00007ffacaeea000 	C:\WINDOWS\System32\USER32.dll
0x00007ffab6f60000 - 0x00007ffab71f0000 	C:\WINDOWS\WinSxS\amd64_microsoft.windows.common-controls_6595b64144ccf1df_6.0.26100.3323_none_3e088096e3344490\COMCTL32.dll
0x00007ffacccb0000 - 0x00007ffacccda000 	C:\WINDOWS\System32\GDI32.dll
0x00007ffacacf0000 - 0x00007ffacad17000 	C:\WINDOWS\System32\win32u.dll
0x00007ffaca910000 - 0x00007ffacaa41000 	C:\WINDOWS\System32\gdi32full.dll
0x00007ffaca490000 - 0x00007ffaca533000 	C:\WINDOWS\System32\msvcp_win.dll
0x00007ffac3450000 - 0x00007ffac345b000 	C:\WINDOWS\SYSTEM32\VERSION.dll
0x00007ffacaf20000 - 0x00007ffacaf4f000 	C:\WINDOWS\System32\IMM32.DLL
0x00007ffab86e0000 - 0x00007ffab86ec000 	C:\Program Files\Java\jdk-20\bin\vcruntime140_1.dll
0x00007ffaa8030000 - 0x00007ffaa80be000 	C:\Program Files\Java\jdk-20\bin\msvcp140.dll
0x00007ffa3fac0000 - 0x00007ffa40758000 	C:\Program Files\Java\jdk-20\bin\server\jvm.dll
0x00007ffab1430000 - 0x00007ffab143a000 	C:\WINDOWS\SYSTEM32\WSOCK32.dll
0x00007ffacb930000 - 0x00007ffacb9a4000 	C:\WINDOWS\System32\WS2_32.dll
0x00007ffac3410000 - 0x00007ffac3446000 	C:\WINDOWS\SYSTEM32\WINMM.dll
0x00007ffac8f20000 - 0x00007ffac8f3a000 	C:\WINDOWS\SYSTEM32\kernel.appcore.dll
0x00007ffab83b0000 - 0x00007ffab83ba000 	C:\Program Files\Java\jdk-20\bin\jimage.dll
0x00007ffac4eb0000 - 0x00007ffac50f1000 	C:\WINDOWS\SYSTEM32\DBGHELP.DLL
0x00007ffacc870000 - 0x00007ffaccbf2000 	C:\WINDOWS\System32\combase.dll
0x00007ffacc220000 - 0x00007ffacc2f6000 	C:\WINDOWS\System32\OLEAUT32.dll
0x00007ffab4600000 - 0x00007ffab4639000 	C:\WINDOWS\SYSTEM32\dbgcore.DLL
0x00007ffaca3f0000 - 0x00007ffaca489000 	C:\WINDOWS\System32\bcryptPrimitives.dll
0x00007ffaa8000000 - 0x00007ffaa8026000 	C:\Program Files\Java\jdk-20\bin\java.dll
0x00007ffa901a0000 - 0x00007ffa90277000 	C:\Program Files\Java\jdk-20\bin\jsvml.dll
0x00007ffacaf60000 - 0x00007ffacb675000 	C:\WINDOWS\System32\SHELL32.dll
0x00007ffaca280000 - 0x00007ffaca3e8000 	C:\WINDOWS\System32\wintypes.dll
0x00007ffac7dd0000 - 0x00007ffac8615000 	C:\WINDOWS\SYSTEM32\windows.storage.dll
0x00007ffacbbf0000 - 0x00007ffacbcdb000 	C:\WINDOWS\System32\SHCORE.dll
0x00007ffacbd00000 - 0x00007ffacbd5d000 	C:\WINDOWS\System32\shlwapi.dll
0x00007ffaca010000 - 0x00007ffaca03f000 	C:\WINDOWS\SYSTEM32\profapi.dll
0x00007ffaa8360000 - 0x00007ffaa8373000 	C:\Program Files\Java\jdk-20\bin\net.dll
0x00007ffabf980000 - 0x00007ffabfa9e000 	C:\WINDOWS\SYSTEM32\WINHTTP.dll
0x00007ffac9440000 - 0x00007ffac94aa000 	C:\WINDOWS\system32\mswsock.dll
0x00007ffaa7fe0000 - 0x00007ffaa7ff6000 	C:\Program Files\Java\jdk-20\bin\nio.dll
0x00007ffaa6c60000 - 0x00007ffaa6c78000 	C:\Program Files\Java\jdk-20\bin\zip.dll
0x00007ffab6150000 - 0x00007ffab6160000 	C:\Program Files\Java\jdk-20\bin\verify.dll

dbghelp: loaded successfully - version: 4.0.5 - missing functions: none
symbol engine: initialized successfully - sym options: 0x614 - pdb path: .;C:\Program Files\Java\jdk-20\bin;C:\WINDOWS\SYSTEM32;C:\WINDOWS\WinSxS\amd64_microsoft.windows.common-controls_6595b64144ccf1df_6.0.26100.3323_none_3e088096e3344490;C:\Program Files\Java\jdk-20\bin\server

VM Arguments:
java_command: org.jetbrains.kotlin.cli.jvm.K2JVMCompiler @C:\Users\mateu\Desktop\doctor-app\node_modules\react-native-screens\android\build\20250329_15970470039637435849.compiler.options
java_class_path (initial): C:\Users\mateu\.gradle\caches\modules-2\files-2.1\org.jetbrains.kotlin\kotlin-compiler-embeddable\1.9.25\6e698f23ca1f74d6672827f61e92c2fe015d1b88\kotlin-compiler-embeddable-1.9.25.jar;C:\Users\mateu\.gradle\caches\modules-2\files-2.1\org.jetbrains.kotlin\kotlin-stdlib\1.9.25\f700a2f2b8f0d6d0fde48f56d894dc722fb029d7\kotlin-stdlib-1.9.25.jar;C:\Users\mateu\.gradle\caches\modules-2\files-2.1\org.jetbrains.kotlin\kotlin-script-runtime\1.9.25\43cdc99e4582c67c2b60f609d0e4c015d33a8e89\kotlin-script-runtime-1.9.25.jar;C:\Users\mateu\.gradle\caches\modules-2\files-2.1\org.jetbrains.kotlin\kotlin-reflect\1.6.10\1cbe9c92c12a94eea200d23c2bbaedaf3daf5132\kotlin-reflect-1.6.10.jar;C:\Users\mateu\.gradle\caches\modules-2\files-2.1\org.jetbrains.kotlin\kotlin-daemon-embeddable\1.9.25\3a1ebb4f98ed480e4774f45e3be215626eb3ae02\kotlin-daemon-embeddable-1.9.25.jar;C:\Users\mateu\.gradle\caches\modules-2\files-2.1\org.jetbrains.intellij.deps\trove4j\1.0.20200330\3afb14d5f9ceb459d724e907a21145e8ff394f02\trove4j-1.0.20200330.jar;C:\Users\mateu\.gradle\caches\modules-2\files-2.1\org.jetbrains\annotations\13.0\919f0dfe192fb4e063e7dacadee7f8bb9a2672a9\annotations-13.0.jar
Launcher Type: SUN_STANDARD

[Global flags]
     intx CICompilerCount                          = 4                                         {product} {ergonomic}
     uint ConcGCThreads                            = 2                                         {product} {ergonomic}
     uint G1ConcRefinementThreads                  = 8                                         {product} {ergonomic}
   size_t G1HeapRegionSize                         = 1048576                                   {product} {ergonomic}
    uintx GCDrainStackTargetSize                   = 64                                        {product} {ergonomic}
   size_t InitialHeapSize                          = 100663296                                 {product} {ergonomic}
   size_t MarkStackSize                            = 4194304                                   {product} {ergonomic}
   size_t MaxHeapSize                              = 1598029824                                {product} {ergonomic}
   size_t MaxNewSize                               = 958398464                                 {product} {ergonomic}
   size_t MinHeapDeltaBytes                        = 1048576                                   {product} {ergonomic}
   size_t MinHeapSize                              = 8388608                                   {product} {ergonomic}
    uintx NonNMethodCodeHeapSize                   = 5839372                                {pd product} {ergonomic}
    uintx NonProfiledCodeHeapSize                  = 122909434                              {pd product} {ergonomic}
    uintx ProfiledCodeHeapSize                     = 122909434                              {pd product} {ergonomic}
    uintx ReservedCodeCacheSize                    = 251658240                              {pd product} {ergonomic}
     bool SegmentedCodeCache                       = true                                      {product} {ergonomic}
   size_t SoftMaxHeapSize                          = 1598029824                             {manageable} {ergonomic}
     bool UseCompressedClassPointers               = true                           {product lp64_product} {ergonomic}
     bool UseCompressedOops                        = true                           {product lp64_product} {ergonomic}
     bool UseG1GC                                  = true                                      {product} {ergonomic}
     bool UseLargePagesIndividualAllocation        = false                                  {pd product} {ergonomic}

Logging:
Log output configuration:
 #0: stdout all=warning uptime,level,tags foldmultilines=false
 #1: stderr all=off uptime,level,tags foldmultilines=false

Environment Variables:
JAVA_HOME=C:\Program Files\Java\jdk-20
CLASSPATH=C:\Users\mateu\Desktop\doctor-app\android\\gradle\wrapper\gradle-wrapper.jar
PATH=C:\Users\mateu\Desktop\doctor-app\node_modules\.bin;C:\Users\mateu\Desktop\doctor-app\node_modules\.bin;C:\Users\mateu\Desktop\node_modules\.bin;C:\Users\mateu\node_modules\.bin;C:\Users\node_modules\.bin;C:\node_modules\.bin;C:\Users\mateu\AppData\Roaming\npm\node_modules\npm\node_modules\@npmcli\run-script\lib\node-gyp-bin;C:\Program Files\Common Files\Oracle\Java\javapath;C:\Python312\Scripts\;C:\Python312\;C:\WINDOWS\system32;C:\WINDOWS;C:\WINDOWS\System32\Wbem;C:\WINDOWS\System32\WindowsPowerShell\v1.0\;C:\WINDOWS\System32\OpenSSH\;C:\Program Files\Git\cmd;C:\ProgramData\chocolatey\bin;C:\Program Files\nodejs\;C:\Users\mateu\AppData\Local\Android\Sdk\tools;C:\Users\mateu\AppData\Local\jdk-11.0.2\bin;C:\Users\mateu\AppData\Local\Android\Sdk\tools;C:\Users\mateu\AppData\Local\jdk-11.0.2\bin;C:\Users\mateu\.console-ninja\.bin;C:\Program Files\MySQL\MySQL Shell 8.0\bin\;C:\Users\mateu\AppData\Local\Microsoft\WindowsApps;C:\Users\mateu\AppData\Local\Programs\Microsoft VS Code\bin;C:\Users\mateu\AppData\Local\Android\Sdk\platform-tools;C:\Users\mateu\AppData\Local\Microsoft\WinGet\Packages\Schniz.fnm_Microsoft.Winget.Source_8wekyb3d8bbwe;C:\Users\mateu\AppData\Local\Microsoft\WindowsApps;C:\Users\mateu\AppData\Roaming\npm
USERNAME=mateu
OS=Windows_NT
PROCESSOR_IDENTIFIER=AMD64 Family 23 Model 24 Stepping 1, AuthenticAMD
TMP=C:\Users\mateu\AppData\Local\Temp
TEMP=C:\Users\mateu\AppData\Local\Temp




---------------  S Y S T E M  ---------------

OS:
 Windows 11 , 64 bit Build 26100 (10.0.26100.3323)
OS uptime: 7 days 23:22 hours
Hyper-V role detected

CPU: total 8 (initial active 8) (8 cores per cpu, 2 threads per core) family 23 model 24 stepping 1 microcode 0x8108109, cx8, cmov, fxsr, ht, mmx, 3dnowpref, sse, sse2, sse3, ssse3, sse4a, sse4.1, sse4.2, popcnt, lzcnt, tsc, tscinvbit, avx, avx2, aes, clmul, bmi1, bmi2, adx, sha, fma, vzeroupper, clflush, clflushopt, hv, rdtscp, f16c

Memory: 4k page, system-wide physical 6090M (1223M free)
TotalPageFile size 19888M (AvailPageFile size 2M)
current process WorkingSet (physical memory assigned to process): 384M, peak: 384M
current process commit charge ("private bytes"): 474M, peak: 476M

vm_info: Java HotSpot(TM) 64-Bit Server VM (20.0.2+9-78) for windows-amd64 JRE (20.0.2+9-78), built on 2023-06-14T10:08:48Z by "mach5one" with MS VC++ 17.1 (VS2022)

END.
